[16-Oct-2020 23:14:55 America/Araguaina] PHP Warning:  require(/usr/share/nginx/html/../framework/config.php): failed to open stream: No such file or directory in /usr/share/nginx/html/index.php on line 3
[16-Oct-2020 23:14:55 America/Araguaina] PHP Stack trace:
[16-Oct-2020 23:14:55 America/Araguaina] PHP   1. {main}() /usr/share/nginx/html/index.php:0
[16-Oct-2020 23:14:55 America/Araguaina] PHP Fatal error:  require(): Failed opening required '/usr/share/nginx/html/../framework/config.php' (include_path='.:/usr/local/lib/php') in /usr/share/nginx/html/index.php on line 3
[16-Oct-2020 23:14:55 America/Araguaina] PHP Stack trace:
[16-Oct-2020 23:14:55 America/Araguaina] PHP   1. {main}() /usr/share/nginx/html/index.php:0
[16-Oct-2020 23:14:55 America/Araguaina] PHP Warning:  require(/usr/share/nginx/html/../framework/config.php): failed to open stream: No such file or directory in /usr/share/nginx/html/index.php on line 3
[16-Oct-2020 23:14:55 America/Araguaina] PHP Stack trace:
[16-Oct-2020 23:14:55 America/Araguaina] PHP   1. {main}() /usr/share/nginx/html/index.php:0
[16-Oct-2020 23:14:55 America/Araguaina] PHP Fatal error:  require(): Failed opening required '/usr/share/nginx/html/../framework/config.php' (include_path='.:/usr/local/lib/php') in /usr/share/nginx/html/index.php on line 3
[16-Oct-2020 23:14:55 America/Araguaina] PHP Stack trace:
[16-Oct-2020 23:14:55 America/Araguaina] PHP   1. {main}() /usr/share/nginx/html/index.php:0
[16-Oct-2020 23:24:58 America/Araguaina] PHP Warning:  require(/usr/share/nginx/html/../framework/config.php): failed to open stream: No such file or directory in /usr/share/nginx/html/index.php on line 3
[16-Oct-2020 23:24:58 America/Araguaina] PHP Stack trace:
[16-Oct-2020 23:24:58 America/Araguaina] PHP   1. {main}() /usr/share/nginx/html/index.php:0
[16-Oct-2020 23:24:58 America/Araguaina] PHP Fatal error:  require(): Failed opening required '/usr/share/nginx/html/../framework/config.php' (include_path='.:/usr/local/lib/php') in /usr/share/nginx/html/index.php on line 3
[16-Oct-2020 23:24:58 America/Araguaina] PHP Stack trace:
[16-Oct-2020 23:24:58 America/Araguaina] PHP   1. {main}() /usr/share/nginx/html/index.php:0
[16-Oct-2020 23:24:58 America/Araguaina] PHP Warning:  require(/usr/share/nginx/html/../framework/config.php): failed to open stream: No such file or directory in /usr/share/nginx/html/index.php on line 3
[16-Oct-2020 23:24:58 America/Araguaina] PHP Stack trace:
[16-Oct-2020 23:24:58 America/Araguaina] PHP   1. {main}() /usr/share/nginx/html/index.php:0
[16-Oct-2020 23:24:58 America/Araguaina] PHP Fatal error:  require(): Failed opening required '/usr/share/nginx/html/../framework/config.php' (include_path='.:/usr/local/lib/php') in /usr/share/nginx/html/index.php on line 3
[16-Oct-2020 23:24:58 America/Araguaina] PHP Stack trace:
[16-Oct-2020 23:24:58 America/Araguaina] PHP   1. {main}() /usr/share/nginx/html/index.php:0
[16-Oct-2020 23:37:10 America/Araguaina] PHP Warning:  Unknown: failed to open stream: No such file or directory in Unknown on line 0
[16-Oct-2020 23:37:10 America/Araguaina] PHP Fatal error:  Unknown: Failed opening required '/usr/share/nginx/html/index.php' (include_path='.:/usr/local/lib/php') in Unknown on line 0
[17-Oct-2020 00:52:23 America/Araguaina] PHP Fatal error:  Uncaught Error: Class 'Address' not found in /usr/share/nginx/html/2.16_Associação/index.php:21
Stack trace:
#0 {main}
  thrown in /usr/share/nginx/html/2.16_Associação/index.php on line 21
[17-Oct-2020 00:57:07 America/Araguaina] PHP Fatal error:  Uncaught Error: Class 'Address' not found in /usr/share/nginx/html/2.16_Associação/index.php:21
Stack trace:
#0 {main}
  thrown in /usr/share/nginx/html/2.16_Associação/index.php on line 21
[17-Oct-2020 00:57:11 America/Araguaina] PHP Fatal error:  Uncaught Error: Class 'Address' not found in /usr/share/nginx/html/2.16_Associação/index.php:21
Stack trace:
#0 {main}
  thrown in /usr/share/nginx/html/2.16_Associação/index.php on line 21
